<?xml version="1.0" encoding="UTF-8"?>
<testng-results ignored="0" total="1" passed="1" failed="0" skipped="0">
  <reporter-output>
  </reporter-output>
  <suite started-at="2024-10-02T01:42:40 ICT" name="Default suite" finished-at="2024-10-02T01:42:40 ICT" duration-ms="151">
    <groups>
    </groups>
    <test started-at="2024-10-02T01:42:40 ICT" name="Default test" finished-at="2024-10-02T01:42:40 ICT" duration-ms="151">
      <class name="simpleTest.Ab">
        <test-method signature="additionTest()[pri:0, instance:simpleTest.Ab@536dbea0]" started-at="2024-10-02T01:42:40 ICT" name="additionTest" finished-at="2024-10-02T01:42:40 ICT" duration-ms="57" status="PASS">
          <reporter-output>
          </reporter-output>
        </test-method> <!-- additionTest -->
      </class> <!-- simpleTest.Ab -->
    </test> <!-- Default test -->
  </suite> <!-- Default suite -->
</testng-results>
